[2024-10-20 02:56:42] local.WARNING: Database connection failed: SQLSTATE[HY000] [1045] Access denied for user 'forge'@'localhost' (using password: NO)  
[2024-10-20 02:56:50] local.WARNING: Database connection failed: SQLSTATE[HY000] [1045] Access denied for user 'forge'@'localhost' (using password: NO)  
[2024-10-20 02:56:51] local.WARNING: Database connection failed: SQLSTATE[HY000] [1045] Access denied for user 'forge'@'localhost' (using password: NO)  
[2024-10-20 02:56:52] local.WARNING: Database connection failed: SQLSTATE[HY000] [1045] Access denied for user 'forge'@'localhost' (using password: NO)  
[2024-10-20 02:56:53] local.WARNING: Database connection failed: SQLSTATE[HY000] [1045] Access denied for user 'forge'@'localhost' (using password: NO)  
[2024-10-20 02:57:26] local.ERROR: There are no commands defined in the "ide-helper" namespace. {"exception":"[object] (Symfony\\Component\\Console\\Exception\\NamespaceNotFoundException(code: 0): There are no commands defined in the \"ide-helper\" namespace. at C:\\wamp\\www\\crm\\vendor\\symfony\\console\\Application.php:669)
[stacktrace]
#0 C:\\wamp\\www\\crm\\vendor\\symfony\\console\\Application.php(720): Symfony\\Component\\Console\\Application->findNamespace('ide-helper')
#1 C:\\wamp\\www\\crm\\vendor\\symfony\\console\\Application.php(266): Symfony\\Component\\Console\\Application->find('ide-helper:gene...')
#2 C:\\wamp\\www\\crm\\vendor\\symfony\\console\\Application.php(175): Symfony\\Component\\Console\\Application->doRun(Object(Symfony\\Component\\Console\\Input\\ArgvInput), Object(Symfony\\Component\\Console\\Output\\ConsoleOutput))
#3 C:\\wamp\\www\\crm\\vendor\\laravel\\framework\\src\\Illuminate\\Foundation\\Console\\Kernel.php(201): Symfony\\Component\\Console\\Application->run(Object(Symfony\\Component\\Console\\Input\\ArgvInput), Object(Symfony\\Component\\Console\\Output\\ConsoleOutput))
#4 C:\\wamp\\www\\crm\\artisan(37): Illuminate\\Foundation\\Console\\Kernel->handle(Object(Symfony\\Component\\Console\\Input\\ArgvInput), Object(Symfony\\Component\\Console\\Output\\ConsoleOutput))
#5 {main}
"} 
[2024-10-20 03:02:06] local.ERROR: There are no commands defined in the "ide-helper" namespace. {"exception":"[object] (Symfony\\Component\\Console\\Exception\\NamespaceNotFoundException(code: 0): There are no commands defined in the \"ide-helper\" namespace. at C:\\wamp\\www\\crm\\vendor\\symfony\\console\\Application.php:669)
[stacktrace]
#0 C:\\wamp\\www\\crm\\vendor\\symfony\\console\\Application.php(720): Symfony\\Component\\Console\\Application->findNamespace('ide-helper')
#1 C:\\wamp\\www\\crm\\vendor\\symfony\\console\\Application.php(266): Symfony\\Component\\Console\\Application->find('ide-helper:gene...')
#2 C:\\wamp\\www\\crm\\vendor\\symfony\\console\\Application.php(175): Symfony\\Component\\Console\\Application->doRun(Object(Symfony\\Component\\Console\\Input\\ArgvInput), Object(Symfony\\Component\\Console\\Output\\ConsoleOutput))
#3 C:\\wamp\\www\\crm\\vendor\\laravel\\framework\\src\\Illuminate\\Foundation\\Console\\Kernel.php(201): Symfony\\Component\\Console\\Application->run(Object(Symfony\\Component\\Console\\Input\\ArgvInput), Object(Symfony\\Component\\Console\\Output\\ConsoleOutput))
#4 C:\\wamp\\www\\crm\\artisan(37): Illuminate\\Foundation\\Console\\Kernel->handle(Object(Symfony\\Component\\Console\\Input\\ArgvInput), Object(Symfony\\Component\\Console\\Output\\ConsoleOutput))
#5 {main}
"} 
